c:\oculussdk\ovr_sdk_win_0.4.2\oculussdk\samples\oculusroomtiny\obj\win\vs2013\debug\win32\win32_oculusroomtiny.obj
c:\oculussdk\ovr_sdk_win_0.4.2\oculussdk\samples\oculusroomtiny\obj\win\vs2013\debug\win32\win32_oculusroomtiny_util.obj
c:\oculussdk\ovr_sdk_win_0.4.2\oculussdk\samples\oculusroomtiny\obj\win\vs2013\debug\win32\oculusroommodel.obj
c:\oculussdk\ovr_sdk_win_0.4.2\oculussdk\samples\oculusroomtiny\obj\win\vs2013\debug\win32\rendertiny_d3d11_device.obj
c:\oculussdk\ovr_sdk_win_0.4.2\oculus-fpv-with-vr\samples\oculusroomtiny\obj\win\vs2013\debug\win32\rendertiny_d3d11_device.obj
c:\oculussdk\ovr_sdk_win_0.4.2\oculus-fpv-with-vr\samples\oculusroomtiny\obj\win\vs2013\debug\win32\win32_oculusroomtiny.obj
c:\oculussdk\ovr_sdk_win_0.4.2\oculus-fpv-with-vr\samples\oculusroomtiny\obj\win\vs2013\debug\win32\win32_gamepad.obj
c:\oculussdk\ovr_sdk_win_0.4.2\oculus-fpv-with-vr\samples\oculusroomtiny\obj\win\vs2013\debug\win32\win32_oculusroomtiny_util.obj
c:\oculussdk\ovr_sdk_win_0.4.2\oculus-fpv-with-vr\samples\oculusroomtiny\obj\win\vs2013\debug\win32\oculusroommodel.obj
c:\oculussdk\ovr_sdk_win_0.4.2\oculus-fpv-with-vr\samples\oculusroomtiny\obj\win\vs2013\debug\win32\xbeep.obj
c:\oculussdk\ovr_sdk_win_0.4.2\oculussdk\samples\oculusroomtiny\bin\win\vs2013\debug\win32\oculusroomtiny.ilk
c:\oculussdk\ovr_sdk_win_0.4.2\oculussdk\samples\oculusroomtiny\bin\win\vs2013\debug\win32\oculusroomtiny.exe
c:\oculussdk\ovr_sdk_win_0.4.2\oculussdk\samples\oculusroomtiny\bin\win\vs2013\debug\win32\oculusroomtiny.pdb
c:\oculussdk\ovr_sdk_win_0.4.2\oculus-fpv-with-vr\samples\oculusroomtiny\bin\win\vs2013\debug\win32\oculusroomtiny.ilk
c:\oculussdk\ovr_sdk_win_0.4.2\oculus-fpv-with-vr\samples\oculusroomtiny\bin\win\vs2013\debug\win32\oculusroomtiny.exe
c:\oculussdk\ovr_sdk_win_0.4.2\oculus-fpv-with-vr\samples\oculusroomtiny\bin\win\vs2013\debug\win32\oculusroomtiny.pdb
c:\oculussdk\ovr_sdk_win_0.4.2\oculussdk\samples\oculusroomtiny\obj\win\vs2013\debug\win32\oculusroomtiny2.res
c:\oculussdk\ovr_sdk_win_0.4.2\oculus-fpv-with-vr\samples\oculusroomtiny\obj\win\vs2013\debug\win32\oculusroomtiny2.res
c:\oculussdk\ovr_sdk_win_0.4.2\oculus-fpv-with-vr\samples\oculusroomtiny\projects\win\vs2013\../../../bin/win/vs2013/debug/win32/oculusroomtiny.pdb
c:\oculussdk\ovr_sdk_win_0.4.2\oculus-fpv-with-vr\samples\oculusroomtiny\projects\win\vs2013\../../../bin/win/vs2013/debug/win32/oculusroomtiny.exe
c:\oculussdk\ovr_sdk_win_0.4.2\oculus-fpv-with-vr\samples\oculusroomtiny\projects\win\vs2013\../../../bin/win/vs2013/debug/win32/oculusroomtiny.ilk
c:\oculussdk\ovr_sdk_win_0.4.2\oculus-fpv-with-vr\samples\oculusroomtiny\obj\win\vs2013\debug\win32\oculusroomtiny.tlog\cl.command.1.tlog
c:\oculussdk\ovr_sdk_win_0.4.2\oculus-fpv-with-vr\samples\oculusroomtiny\obj\win\vs2013\debug\win32\oculusroomtiny.tlog\cl.read.1.tlog
c:\oculussdk\ovr_sdk_win_0.4.2\oculus-fpv-with-vr\samples\oculusroomtiny\obj\win\vs2013\debug\win32\oculusroomtiny.tlog\cl.write.1.tlog
c:\oculussdk\ovr_sdk_win_0.4.2\oculus-fpv-with-vr\samples\oculusroomtiny\obj\win\vs2013\debug\win32\oculusroomtiny.tlog\link.command.1.tlog
c:\oculussdk\ovr_sdk_win_0.4.2\oculus-fpv-with-vr\samples\oculusroomtiny\obj\win\vs2013\debug\win32\oculusroomtiny.tlog\link.read.1.tlog
c:\oculussdk\ovr_sdk_win_0.4.2\oculus-fpv-with-vr\samples\oculusroomtiny\obj\win\vs2013\debug\win32\oculusroomtiny.tlog\link.write.1.tlog
c:\oculussdk\ovr_sdk_win_0.4.2\oculus-fpv-with-vr\samples\oculusroomtiny\obj\win\vs2013\debug\win32\oculusroomtiny.tlog\rc.command.1.tlog
c:\oculussdk\ovr_sdk_win_0.4.2\oculus-fpv-with-vr\samples\oculusroomtiny\obj\win\vs2013\debug\win32\oculusroomtiny.tlog\rc.read.1.tlog
c:\oculussdk\ovr_sdk_win_0.4.2\oculus-fpv-with-vr\samples\oculusroomtiny\obj\win\vs2013\debug\win32\oculusroomtiny.tlog\rc.write.1.tlog
